TN:
SF:src/presentation/controllers/SignUp.ts
FN:2,handle
FNF:1
FNH:1
FNDA:6,handle
DA:1,1
DA:2,1
DA:3,6
DA:4,1
DA:5,1
DA:6,1
DA:7,1
DA:8,1
DA:9,6
DA:10,1
DA:11,1
DA:12,1
DA:13,1
DA:14,1
DA:15,6
DA:16,1
DA:17,1
DA:18,1
DA:19,1
DA:20,1
DA:21,6
DA:22,1
DA:23,1
DA:24,1
DA:25,1
DA:26,1
DA:27,6
DA:28,1
DA:29,1
DA:30,1
DA:31,1
DA:32,1
DA:33,1
DA:34,1
DA:35,1
DA:36,1
DA:37,1
DA:38,1
DA:39,1
DA:40,1
LF:40
LH:40
BRDA:2,0,0,6
BRDA:3,1,0,1
BRDA:9,2,0,5
BRDA:9,3,0,1
BRDA:15,4,0,1
BRDA:21,5,0,3
BRDA:21,6,0,1
BRDA:27,7,0,1
BRF:8
BRH:8
end_of_record
